[debug] [2026-01-07T23:11:35.958Z] ----------------------------------------------------------------------
[debug] [2026-01-07T23:11:35.959Z] Command:       /Users/higorbachiao/.nvm/versions/node/v20.19.6/bin/node /Users/higorbachiao/.nvm/versions/node/v18.13.0/bin/firebase init
[debug] [2026-01-07T23:11:35.959Z] CLI Version:   15.1.0
[debug] [2026-01-07T23:11:35.960Z] Platform:      darwin
[debug] [2026-01-07T23:11:35.960Z] Node Version:  v20.19.6
[debug] [2026-01-07T23:11:35.960Z] Time:          Wed Jan 07 2026 20:11:35 GMT-0300 (Brasilia Standard Time)
[debug] [2026-01-07T23:11:35.960Z] ----------------------------------------------------------------------
[debug] 
[info] 
     ######## #### ########  ######## ########     ###     ######  ########
     ##        ##  ##     ## ##       ##     ##  ##   ##  ##       ##
     ######    ##  ########  ######   ########  #########  ######  ######
     ##        ##  ##    ##  ##       ##     ## ##     ##       ## ##
     ##       #### ##     ## ######## ########  ##     ##  ######  ########

You're about to initialize a Firebase project in this directory:

  /Users/higorbachiao/TheSellenttDrop-frontend

[info] 
=== Project Setup
[info] 
[info] First, let's associate this project directory with a Firebase project.
[info] You can create multiple project aliases by running firebase use --add, 
[info] 
[debug] [2026-01-07T23:12:09.015Z] > command requires scopes: ["email","openid","https://www.googleapis.com/auth/cloudplatformprojects.readonly","https://www.googleapis.com/auth/firebase","https://www.googleapis.com/auth/cloud-platform"]
[debug] [2026-01-07T23:12:09.016Z] > authorizing via signed-in user (higor@sellentt.com.br)
[debug] [2026-01-07T23:12:09.018Z] Checked if tokens are valid: false, expires at: 1767815546391
[debug] [2026-01-07T23:12:09.019Z] Checked if tokens are valid: false, expires at: 1767815546391
[debug] [2026-01-07T23:12:09.019Z] > refreshing access token with scopes: []
[debug] [2026-01-07T23:12:09.021Z] >>> [apiv2][query] POST https://www.googleapis.com/oauth2/v3/token [none]
[debug] [2026-01-07T23:12:09.021Z] >>> [apiv2][body] POST https://www.googleapis.com/oauth2/v3/token [omitted]
[debug] [2026-01-07T23:12:09.257Z] <<< [apiv2][status] POST https://www.googleapis.com/oauth2/v3/token 200
[debug] [2026-01-07T23:12:09.257Z] <<< [apiv2][body] POST https://www.googleapis.com/oauth2/v3/token [omitted]
[debug] [2026-01-07T23:12:09.274Z] >>> [apiv2][query] GET https://firebase.googleapis.com/v1beta1/projects pageSize=100
[debug] [2026-01-07T23:12:10.011Z] <<< [apiv2][status] GET https://firebase.googleapis.com/v1beta1/projects 200
[debug] [2026-01-07T23:12:10.011Z] <<< [apiv2][body] GET https://firebase.googleapis.com/v1beta1/projects [omitted]
